2023.09.01 04:28:02 INFO  Started: Metals version 1.0.1 in folders '/home/honey/dev/sicp' for client VSCodium 1.77.3.
Sep 01, 2023 4:28:02 AM org.flywaydb.core.internal.license.VersionPrinter printVersionOnly
INFO: Flyway Community Edition 9.21.2 by Redgate
Sep 01, 2023 4:28:02 AM org.flywaydb.core.internal.license.VersionPrinter printVersion
INFO: See release notes here: https://rd.gt/416ObMi
Sep 01, 2023 4:28:02 AM org.flywaydb.core.internal.license.VersionPrinter printVersion
INFO: 
Sep 01, 2023 4:28:03 AM org.flywaydb.core.FlywayExecutor execute
INFO: Database: jdbc:h2:file:/home/honey/dev/sicp/.metals/metals (H2 2.1)
Sep 01, 2023 4:28:03 AM org.flywaydb.core.internal.schemahistory.JdbcTableSchemaHistory allAppliedMigrations
INFO: Schema history table "PUBLIC"."flyway_schema_history" does not exist yet
Sep 01, 2023 4:28:03 AM org.flywaydb.core.internal.command.DbValidate validate
INFO: Successfully validated 4 migrations (execution time 00:00.022s)
Sep 01, 2023 4:28:03 AM org.flywaydb.core.internal.schemahistory.JdbcTableSchemaHistory create
INFO: Creating Schema History table "PUBLIC"."flyway_schema_history" ...
Sep 01, 2023 4:28:03 AM org.flywaydb.core.internal.command.DbMigrate migrateGroup
INFO: Current version of schema "PUBLIC": << Empty Schema >>
Sep 01, 2023 4:28:03 AM org.flywaydb.core.internal.command.DbMigrate doMigrateGroup
INFO: Migrating schema "PUBLIC" to version "1 - Create tables"
Sep 01, 2023 4:28:03 AM org.flywaydb.core.internal.command.DbMigrate doMigrateGroup
INFO: Migrating schema "PUBLIC" to version "2 - Server discovery"
Sep 01, 2023 4:28:03 AM org.flywaydb.core.internal.command.DbMigrate doMigrateGroup
INFO: Migrating schema "PUBLIC" to version "3 - Jar symbols"
Sep 01, 2023 4:28:03 AM org.flywaydb.core.internal.command.DbMigrate doMigrateGroup
INFO: Migrating schema "PUBLIC" to version "4 - Fingerprints"
Sep 01, 2023 4:28:03 AM org.flywaydb.core.internal.command.DbMigrate logSummary
INFO: Successfully applied 4 migrations to schema "PUBLIC", now at version v4 (execution time 00:00.025s)
2023.09.01 04:28:03 INFO  time: initialize in 0.67s
2023.09.01 04:28:04 WARN  Build server is not auto-connectable.
2023.09.01 04:28:04 WARN  no build tool detected in workspace '/home/honey/dev/sicp'. The most common cause for this problem is that the editor was opened in the wrong working directory, for example if you use sbt then the workspace directory should contain build.sbt. 
2023.09.01 19:07:42 INFO  Shutting down server
2023.09.01 19:07:42 INFO  shutting down Metals
2023.09.01 19:07:42 INFO  Exiting server
